<?xml version="1.0" encoding="UTF-8"?>
<!-- Generated by org.testng.reporters.JUnitXMLReporter -->
<testsuite hostname="shashikanth-PC" ignored="0" name="Test" tests="1" failures="0" timestamp="21 Jan 2020 00:10:29 GMT" time="52.27" errors="0">
  <testcase name="@BeforeClass setup" time="0.0" classname="com.cogmento.testcases.CogmentoHappyPathTests">
    <failure type="org.testng.TestNGException" message="
Parameter &amp;apos;browser&amp;apos; is required by BeforeClass on method setup but has not been marked @Optional or defined
in C:\Users\shashikanth\git\automation.cogmento\testng.xml">
      <![CDATA[org.testng.TestNGException: 
Parameter 'browser' is required by BeforeClass on method setup but has not been marked @Optional or defined
in C:\Users\shashikanth\git\automation.cogmento\testng.xml
... Removed 23 stack frames]]>
    </failure>
  </testcase> <!-- @BeforeClass setup -->
  <testcase name="@AfterClass teardown" time="50.008" classname="com.cogmento.testcases.CogmentoHappyPathTests">
    <failure type="java.lang.NullPointerException">
      <![CDATA[java.lang.NullPointerException
at com.cogmento.testcases.CogmentoHappyPathTests.teardown(CogmentoHappyPathTests.java:71)
... Removed 26 stack frames]]>
    </failure>
  </testcase> <!-- @AfterClass teardown -->
  <testcase name="addCompanyTest" time="0.0" classname="com.cogmento.testcases.CogmentoHappyPathTests">
    <skipped/>
  </testcase> <!-- addCompanyTest -->
</testsuite> <!-- Test -->
